
20:08:32.599 instance_id=19D6A31E365 [info] No formatter found in /home/felipe/workspace/app/.formatter.exs error was false

20:08:32.600 instance_id=19D6A31E365 [info] found formatter in /home/felipe/workspace/app

20:08:32.601 instance_id=19D6A31E365 [info] No formatter found in /home/felipe/workspace/app/.formatter.exs error was false

20:08:32.601 instance_id=19D6A31E365 [info] found formatter in /home/felipe/workspace/app

20:08:32.799 instance_id=19D6A31E365 [info] Resolved entity: {:call, Kernel, :defmodule, 2}

20:08:32.868 instance_id=19D6A31E365 [info] Resolved entity: {:call, Kernel, :defmodule, 2}

20:08:33.128 instance_id=19D6A31E365 [info] No formatter found in /home/felipe/workspace/app/.formatter.exs error was false

20:08:33.129 instance_id=19D6A31E365 [info] found formatter in /home/felipe/workspace/app

20:08:33.133 instance_id=19D6A31E365 [info] No formatter found in /home/felipe/workspace/app/.formatter.exs error was false

20:08:33.133 instance_id=19D6A31E365 [info] found formatter in /home/felipe/workspace/app

20:08:38.141 instance_id=19D6A31E365 [info] Resolved entity: {:variable, :aliases}

20:08:39.033 instance_id=19D6A31E365 [info] Resolved entity: {:variable, :aliases}

20:08:39.564 instance_id=19D6A31E365 [info] Resolved entity: {:variable, :aliases}

20:08:39.864 instance_id=19D6A31E365 [info] Resolved entity: {:variable, :aliases}

20:29:59.598 instance_id=19D6A31E365 [info] Resolved entity: {:call, Kernel, :defmodule, 2}

20:29:59.687 instance_id=19D6A31E365 [info] Resolved entity: {:call, Kernel, :defmodule, 2}

20:29:59.739 instance_id=19D6A31E365 [info] Resolved entity: {:call, Kernel, :defmodule, 2}

20:30:53.619 instance_id=19D6A31E365 [info] Resolved entity: {:call, Kernel, :defmodule, 2}

20:30:53.679 instance_id=19D6A31E365 [info] Resolved entity: {:call, Kernel, :defmodule, 2}

20:30:56.909 instance_id=19D6A31E365 [info] Resolved entity: {:call, Kernel, :defmodule, 2}

20:30:57.012 instance_id=19D6A31E365 [info] Resolved entity: {:call, Kernel, :defmodule, 2}

20:30:58.073 instance_id=19D6A31E365 [info] Resolved entity: {:call, Kernel, :defmodule, 2}

20:30:58.116 instance_id=19D6A31E365 [info] Resolved entity: {:call, Kernel, :defmodule, 2}

20:31:02.213 instance_id=19D6A31E365 [info] Resolved entity: {:call, Kernel, :defmodule, 2}

20:31:02.293 instance_id=19D6A31E365 [info] Resolved entity: {:call, Kernel, :defmodule, 2}

20:31:03.089 instance_id=19D6A31E365 [info] Resolved entity: {:call, Kernel, :defmodule, 2}

20:31:03.204 instance_id=19D6A31E365 [info] Resolved entity: {:call, Kernel, :defmodule, 2}

20:31:05.392 instance_id=19D6A31E365 [info] Resolved entity: {:call, Kernel, :defmodule, 2}

20:31:05.456 instance_id=19D6A31E365 [info] Resolved entity: {:call, Kernel, :defmodule, 2}

20:31:06.652 instance_id=19D6A31E365 [info] Resolved entity: {:call, Kernel, :defmodule, 2}

20:31:06.708 instance_id=19D6A31E365 [info] Resolved entity: {:call, Kernel, :defmodule, 2}

20:31:07.831 instance_id=19D6A31E365 [info] Resolved entity: {:call, Kernel, :defmodule, 2}

20:31:07.945 instance_id=19D6A31E365 [info] Resolved entity: {:call, Kernel, :defmodule, 2}

20:31:10.783 instance_id=19D6A31E365 [info] Resolved entity: {:call, Kernel, :defmodule, 2}

20:31:10.922 instance_id=19D6A31E365 [info] Resolved entity: {:call, Kernel, :defmodule, 2}

20:31:11.252 instance_id=19D6A31E365 [info] Resolved entity: {:call, Kernel, :defmodule, 2}

20:31:11.321 instance_id=19D6A31E365 [info] Resolved entity: {:call, Kernel, :defmodule, 2}

20:31:11.612 instance_id=19D6A31E365 [info] Resolved entity: {:call, Kernel, :defmodule, 2}

20:31:11.687 instance_id=19D6A31E365 [info] Resolved entity: {:call, Kernel, :defmodule, 2}

20:31:12.161 instance_id=19D6A31E365 [info] Resolved entity: {:call, Kernel, :defmodule, 2}

20:31:12.293 instance_id=19D6A31E365 [info] Resolved entity: {:call, Kernel, :defmodule, 2}

20:31:12.546 instance_id=19D6A31E365 [info] Resolved entity: {:call, Kernel, :defmodule, 2}

20:31:12.599 instance_id=19D6A31E365 [info] Resolved entity: {:call, Kernel, :defmodule, 2}

20:31:30.565 instance_id=19D6A31E365 [info] Resolved entity: {:call, Kernel, :defmodule, 2}

20:31:30.571 instance_id=19D6A31E365 [info] Resolved entity: {:call, Kernel, :defmodule, 2}

20:31:32.410 instance_id=19D6A31E365 [info] Resolved entity: {:call, Kernel, :defmodule, 2}

20:31:32.528 instance_id=19D6A31E365 [info] Resolved entity: {:call, Kernel, :defmodule, 2}

20:31:34.219 instance_id=19D6A31E365 [info] Resolved entity: {:call, Kernel, :defmodule, 2}

20:31:34.276 instance_id=19D6A31E365 [info] Resolved entity: {:call, Kernel, :defmodule, 2}

20:31:36.331 instance_id=19D6A31E365 [info] Resolved entity: {:call, Kernel, :defmodule, 2}

20:31:36.404 instance_id=19D6A31E365 [info] Resolved entity: {:call, Kernel, :defmodule, 2}

20:31:45.662 instance_id=19D6A31E365 [info] Resolved entity: {:variable, :type}

20:31:53.274 instance_id=19D6A31E365 [info] Resolved entity: {:call, Kernel, :defmodule, 2}

20:31:53.328 instance_id=19D6A31E365 [info] Resolved entity: {:call, Kernel, :defmodule, 2}

20:31:57.036 instance_id=19D6A31E365 [info] Resolved entity: {:variable, :type}

20:32:05.254 instance_id=19D6A31E365 [info] Resolved entity: {:call, Kernel, :defmodule, 2}

20:32:05.342 instance_id=19D6A31E365 [info] Resolved entity: {:call, Kernel, :defmodule, 2}

20:32:38.356 instance_id=19D6A31E365 [info] Resolved entity: {:call, Kernel, :defmodule, 2}

20:32:38.373 instance_id=19D6A31E365 [info] Resolved entity: {:call, Kernel, :defmodule, 2}

20:32:39.538 instance_id=19D6A31E365 [info] Resolved entity: {:call, Kernel, :defmodule, 2}

20:32:39.605 instance_id=19D6A31E365 [info] Resolved entity: {:call, Kernel, :defmodule, 2}

20:32:41.033 instance_id=19D6A31E365 [info] Resolved entity: {:call, Kernel, :defmodule, 2}

20:32:41.116 instance_id=19D6A31E365 [info] Resolved entity: {:call, Kernel, :defmodule, 2}

20:32:50.442 instance_id=19D6A31E365 [info] Resolved entity: {:call, Kernel, :defmodule, 2}

20:32:50.502 instance_id=19D6A31E365 [info] Resolved entity: {:call, Kernel, :defmodule, 2}

20:32:51.437 instance_id=19D6A31E365 [info] Resolved entity: {:call, Kernel, :defmodule, 2}

20:32:51.483 instance_id=19D6A31E365 [info] Resolved entity: {:call, Kernel, :defmodule, 2}

20:32:51.879 instance_id=19D6A31E365 [info] Resolved entity: {:call, Kernel, :defmodule, 2}

20:32:51.945 instance_id=19D6A31E365 [info] Resolved entity: {:call, Kernel, :defmodule, 2}

20:32:54.195 instance_id=19D6A31E365 [info] Resolved entity: {:variable, :pgcrypto}

20:32:54.224 instance_id=19D6A31E365 [info] Resolved entity: {:variable, :pgcrypto}

20:33:43.966 instance_id=19D6A31E365 [info] Resolved entity: {:call, Kernel, :defmodule, 2}

20:33:44.091 instance_id=19D6A31E365 [info] Resolved entity: {:call, Kernel, :defmodule, 2}

20:33:44.185 instance_id=19D6A31E365 [info] Resolved entity: {:call, Kernel, :defmodule, 2}

20:33:44.728 instance_id=19D6A31E365 [info] Resolved entity: {:call, Kernel, :defmodule, 2}

20:33:44.735 instance_id=19D6A31E365 [info] Resolved entity: {:call, Kernel, :defmodule, 2}

20:33:52.537 instance_id=19D6A31E365 [info] Resolved entity: {:call, App.Repo.Migrations.CreateMembrosCondominio, :unique_index, 3}

20:33:53.044 instance_id=19D6A31E365 [info] Resolved entity: {:call, App.Repo.Migrations.CreateMembrosCondominio, :unique_index, 3}

20:33:53.311 instance_id=19D6A31E365 [info] Resolved entity: {:call, App.Repo.Migrations.CreateMembrosCondominio, :unique_index, 3}

20:34:01.461 instance_id=19D6A31E365 [info] Resolved entity: {:call, Kernel, :defmodule, 2}

20:34:01.568 instance_id=19D6A31E365 [info] Resolved entity: {:call, Kernel, :defmodule, 2}

20:34:11.600 instance_id=19D6A31E365 [info] Resolved entity: {:call, Kernel, :defmodule, 2}

20:34:11.670 instance_id=19D6A31E365 [info] Resolved entity: {:call, Kernel, :defmodule, 2}

20:34:18.571 instance_id=19D6A31E365 [info] Resolved entity: {:call, Kernel, :defmodule, 2}

20:34:18.602 instance_id=19D6A31E365 [info] Resolved entity: {:call, Kernel, :defmodule, 2}

20:36:10.405 instance_id=19D6A31E365 [info] Resolved entity: {:call, Kernel, :defmodule, 2}

20:36:10.482 instance_id=19D6A31E365 [info] Resolved entity: {:call, Kernel, :defmodule, 2}

20:36:14.957 instance_id=19D6A31E365 [error] GenServer XPEngine.Build terminating
** (File.Error) could not get current working directory nil: no such file or directory
    (elixir 1.18.3) lib/file.ex:1608: File.cwd!/0
    (xp_engine 0.1.0) lib/engine/mix.ex:16: XPEngine.Mix.in_project/2
    (stdlib 6.2.1) timer.erl:595: :timer.tc/2
    (xp_engine 0.1.0) lib/engine/build/state.ex:152: anonymous fn/3 in XPEngine.Build.State.compile_file/2
    (kernel 10.2.3) global.erl:699: :global.trans/4
    (xp_engine 0.1.0) lib/engine/build/state.ex:145: XPEngine.Build.State.compile_file/2
    (stdlib 6.2.1) maps.erl:860: :maps.fold_1/4
    (xp_engine 0.1.0) lib/engine/build/state.ex:34: XPEngine.Build.State.on_timeout/1
Last message: :timeout
State: %XPEngine.Build.State{project: %XPForge.Project{root_uri: "file:///home/felipe/workspace/app", mix_exs_uri: "file:///home/felipe/workspace/app/mix.exs", mix_project?: true, mix_env: nil, mix_target: nil, env_variables: %{}, project_module: App.MixProject, entropy: 20434}, build_number: 0, uri_to_document: %{"file:///home/felipe/workspace/app/mix.exs" => #XPForge.Document<path: "/home/felipe/workspace/app/mix.exs", version: 2, dirty?: true, lines: %Lines<"defmodule App.MixProject do..."(96 lines)>, ...>}, project_compile: :none}

20:36:14.961 instance_id=19D6A31E365 [info] Build path /home/felipe/workspace/app/.expert/build/erl-27/elixir-1.18 was compiled on a previous erlang version. Deleting

20:36:15.153 instance_id=19D6A31E365 [error] GenServer XPEngine.Build terminating
** (File.Error) could not get current working directory nil: no such file or directory
    (elixir 1.18.3) lib/file.ex:1608: File.cwd!/0
    (xp_engine 0.1.0) lib/engine/mix.ex:16: XPEngine.Mix.in_project/2
    (stdlib 6.2.1) timer.erl:595: :timer.tc/2
    (xp_engine 0.1.0) lib/engine/build/state.ex:152: anonymous fn/3 in XPEngine.Build.State.compile_file/2
    (kernel 10.2.3) global.erl:699: :global.trans/4
    (xp_engine 0.1.0) lib/engine/build/state.ex:145: XPEngine.Build.State.compile_file/2
    (stdlib 6.2.1) maps.erl:860: :maps.fold_1/4
    (xp_engine 0.1.0) lib/engine/build/state.ex:34: XPEngine.Build.State.on_timeout/1
Last message: :timeout
State: %XPEngine.Build.State{project: %XPForge.Project{root_uri: "file:///home/felipe/workspace/app", mix_exs_uri: "file:///home/felipe/workspace/app/mix.exs", mix_project?: true, mix_env: nil, mix_target: nil, env_variables: %{}, project_module: App.MixProject, entropy: 20434}, build_number: 0, uri_to_document: %{"file:///home/felipe/workspace/app/mix.exs" => #XPForge.Document<path: "/home/felipe/workspace/app/mix.exs", version: 3, dirty?: true, lines: %Lines<"defmodule App.MixProject do..."(96 lines)>, ...>}, project_compile: :none}

20:36:15.301 instance_id=19D6A31E365 [error] GenServer XPEngine.Build terminating
** (File.Error) could not get current working directory nil: no such file or directory
    (elixir 1.18.3) lib/file.ex:1608: File.cwd!/0
    (xp_engine 0.1.0) lib/engine/mix.ex:16: XPEngine.Mix.in_project/2
    (stdlib 6.2.1) timer.erl:595: :timer.tc/2
    (xp_engine 0.1.0) lib/engine/build/state.ex:152: anonymous fn/3 in XPEngine.Build.State.compile_file/2
    (kernel 10.2.3) global.erl:699: :global.trans/4
    (xp_engine 0.1.0) lib/engine/build/state.ex:145: XPEngine.Build.State.compile_file/2
    (stdlib 6.2.1) maps.erl:860: :maps.fold_1/4
    (xp_engine 0.1.0) lib/engine/build/state.ex:34: XPEngine.Build.State.on_timeout/1
Last message: :timeout
State: %XPEngine.Build.State{project: %XPForge.Project{root_uri: "file:///home/felipe/workspace/app", mix_exs_uri: "file:///home/felipe/workspace/app/mix.exs", mix_project?: true, mix_env: nil, mix_target: nil, env_variables: %{}, project_module: App.MixProject, entropy: 20434}, build_number: 0, uri_to_document: %{"file:///home/felipe/workspace/app/mix.exs" => #XPForge.Document<path: "/home/felipe/workspace/app/mix.exs", version: 4, dirty?: true, lines: %Lines<"defmodule App.MixProject do..."(96 lines)>, ...>}, project_compile: :none}

20:36:15.409 instance_id=19D6A31E365 [error] GenServer XPEngine.Build terminating
** (File.Error) could not get current working directory nil: no such file or directory
    (elixir 1.18.3) lib/file.ex:1608: File.cwd!/0
    (xp_engine 0.1.0) lib/engine/mix.ex:16: XPEngine.Mix.in_project/2
    (stdlib 6.2.1) timer.erl:595: :timer.tc/2
    (xp_engine 0.1.0) lib/engine/build/state.ex:152: anonymous fn/3 in XPEngine.Build.State.compile_file/2
    (kernel 10.2.3) global.erl:699: :global.trans/4
    (xp_engine 0.1.0) lib/engine/build/state.ex:145: XPEngine.Build.State.compile_file/2
    (stdlib 6.2.1) maps.erl:860: :maps.fold_1/4
    (xp_engine 0.1.0) lib/engine/build/state.ex:34: XPEngine.Build.State.on_timeout/1
Last message: :timeout
State: %XPEngine.Build.State{project: %XPForge.Project{root_uri: "file:///home/felipe/workspace/app", mix_exs_uri: "file:///home/felipe/workspace/app/mix.exs", mix_project?: true, mix_env: nil, mix_target: nil, env_variables: %{}, project_module: App.MixProject, entropy: 20434}, build_number: 0, uri_to_document: %{"file:///home/felipe/workspace/app/mix.exs" => #XPForge.Document<path: "/home/felipe/workspace/app/mix.exs", version: 5, dirty?: true, lines: %Lines<"defmodule App.MixProject do..."(96 lines)>, ...>}, project_compile: :none}

20:36:15.570 instance_id=19D6A31E365 [notice] Application xp_engine exited: shutdown
